c:\users\wjddn\source\repos\viewer\viewer\x64\debug\viewer.pch
c:\users\wjddn\source\repos\viewer\viewer\x64\debug\vc141.pdb
c:\users\wjddn\source\repos\viewer\viewer\x64\debug\vc141.idb
c:\users\wjddn\source\repos\viewer\viewer\x64\debug\stdafx.obj
c:\users\wjddn\source\repos\viewer\viewer\x64\debug\rawinfodlg.obj
c:\users\wjddn\source\repos\viewer\viewer\x64\debug\viewer.obj
c:\users\wjddn\source\repos\viewer\viewer\x64\debug\viewerdlg.obj
c:\users\wjddn\source\repos\viewer\viewer\x64\debug\imgscalingdlg.obj
c:\users\wjddn\source\repos\viewer\viewer\x64\debug\rotationdlg.obj
c:\users\wjddn\source\repos\viewer\viewer\x64\debug\filterdlg.obj
c:\users\wjddn\desktop\수업\3-2\심화전공실습\hw1\viewer\viewer\x64\debug\viewer.pch
c:\users\wjddn\desktop\수업\3-2\심화전공실습\hw1\viewer\viewer\x64\debug\vc141.pdb
c:\users\wjddn\desktop\수업\3-2\심화전공실습\hw1\viewer\viewer\x64\debug\vc141.idb
c:\users\wjddn\desktop\수업\3-2\심화전공실습\hw1\viewer\viewer\x64\debug\stdafx.obj
c:\users\wjddn\desktop\수업\3-2\심화전공실습\hw1\viewer\viewer\x64\debug\filterdlg.obj
c:\users\wjddn\desktop\수업\3-2\심화전공실습\hw1\viewer\viewer\x64\debug\imgscalingdlg.obj
c:\users\wjddn\desktop\수업\3-2\심화전공실습\hw1\viewer\viewer\x64\debug\rawinfodlg.obj
c:\users\wjddn\desktop\수업\3-2\심화전공실습\hw1\viewer\viewer\x64\debug\rotationdlg.obj
c:\users\wjddn\desktop\수업\3-2\심화전공실습\hw1\viewer\viewer\x64\debug\viewer.obj
c:\users\wjddn\desktop\수업\3-2\심화전공실습\hw1\viewer\viewer\x64\debug\viewerdlg.obj
c:\users\wjddn\desktop\수업\3-2\심화전공실습\hw1\viewer\viewer\x64\debug\addnoisedlg.obj
c:\users\wjddn\desktop\수업\3-2\심화전공실습\hw1\viewer\viewer\x64\debug\addnoisetab_1.obj
c:\users\wjddn\desktop\수업\3-2\심화전공실습\hw1\viewer\viewer\x64\debug\addnoisetab_2.obj
c:\users\wjddn\desktop\수업\3-2\심화전공실습\hw1\viewer\viewer\x64\debug\meanfilterdlg.obj
c:\users\wjddn\desktop\수업\3-2\심화전공실습\hw1\viewer\viewer\x64\debug\orderstatisticdlg.obj
c:\users\wjddn\source\repos\viewer\x64\debug\viewer.exe
c:\users\wjddn\source\repos\viewer\x64\debug\viewer.ilk
c:\users\wjddn\source\repos\viewer\x64\debug\viewer.pdb
c:\users\wjddn\desktop\수업\3-2\심화전공실습\hw1\viewer\x64\debug\viewer.ilk
c:\users\wjddn\desktop\수업\3-2\심화전공실습\hw1\viewer\x64\debug\viewer.exe
c:\users\wjddn\desktop\수업\3-2\심화전공실습\hw1\viewer\x64\debug\viewer.pdb
c:\users\wjddn\source\repos\viewer\viewer\x64\debug\viewer.res
c:\users\wjddn\desktop\수업\3-2\심화전공실습\hw1\viewer\viewer\x64\debug\viewer.res
c:\users\wjddn\desktop\수업\3-2\심화전공실습\hw1\viewer\viewer\x64\debug\viewer.tlog\cl.command.1.tlog
c:\users\wjddn\desktop\수업\3-2\심화전공실습\hw1\viewer\viewer\x64\debug\viewer.tlog\cl.read.1.tlog
c:\users\wjddn\desktop\수업\3-2\심화전공실습\hw1\viewer\viewer\x64\debug\viewer.tlog\cl.write.1.tlog
c:\users\wjddn\desktop\수업\3-2\심화전공실습\hw1\viewer\viewer\x64\debug\viewer.tlog\link.command.1.tlog
c:\users\wjddn\desktop\수업\3-2\심화전공실습\hw1\viewer\viewer\x64\debug\viewer.tlog\link.read.1.tlog
c:\users\wjddn\desktop\수업\3-2\심화전공실습\hw1\viewer\viewer\x64\debug\viewer.tlog\link.write.1.tlog
c:\users\wjddn\desktop\수업\3-2\심화전공실습\hw1\viewer\viewer\x64\debug\viewer.tlog\rc.command.1.tlog
c:\users\wjddn\desktop\수업\3-2\심화전공실습\hw1\viewer\viewer\x64\debug\viewer.tlog\rc.read.1.tlog
c:\users\wjddn\desktop\수업\3-2\심화전공실습\hw1\viewer\viewer\x64\debug\viewer.tlog\rc.write.1.tlog
